[I 2023-12-28 22:26:12,720] A new study created in memory with name: no-name-2d9d0c49-f36e-4bfe-8667-d1697766dce9
[I 2023-12-28 23:05:32,241] Trial 0 finished with value: 0.7549817227795191 and parameters: {'learning_rate': 5.743047350137959e-06, 'max_depth': 4, 'min_child_weight': 5, 'gamma': 5.318335556844907e-07, 'lambda': 0.6256700787954558, 'alpha': 1.5123893497857017e-05}. Best is trial 0 with value: 0.7549817227795191.
[I 2023-12-28 23:44:06,284] Trial 1 finished with value: 0.7670494844701876 and parameters: {'learning_rate': 1.9128638534296107e-05, 'max_depth': 4, 'min_child_weight': 7, 'gamma': 2.5881295714569523e-06, 'lambda': 0.002901612183066521, 'alpha': 0.5240590904090132}. Best is trial 1 with value: 0.7670494844701876.
[I 2023-12-29 01:40:39,671] Trial 2 finished with value: 0.8299981046034022 and parameters: {'learning_rate': 0.000227237480940496, 'max_depth': 3, 'min_child_weight': 8, 'gamma': 8.358662630333805e-08, 'lambda': 0.06847819129561068, 'alpha': 4.976743529202715e-05}. Best is trial 2 with value: 0.8299981046034022.
[I 2023-12-29 02:09:19,520] Trial 3 finished with value: 0.7558618232197667 and parameters: {'learning_rate': 1.0794239293973256e-05, 'max_depth': 5, 'min_child_weight': 3, 'gamma': 3.8813030453690556e-07, 'lambda': 0.0003742830068218569, 'alpha': 1.1072228907160154e-06}. Best is trial 2 with value: 0.8299981046034022.
[I 2023-12-29 02:56:30,517] Trial 4 finished with value: 0.7441730829392861 and parameters: {'learning_rate': 9.299268785742316e-08, 'max_depth': 9, 'min_child_weight': 9, 'gamma': 1.1373815052299275e-07, 'lambda': 2.8481024454680025e-05, 'alpha': 1.526076830104378e-05}. Best is trial 2 with value: 0.8299981046034022.
[I 2023-12-29 03:15:42,992] Trial 5 finished with value: 0.7616469962964207 and parameters: {'learning_rate': 4.4586436775085877e-07, 'max_depth': 9, 'min_child_weight': 3, 'gamma': 0.6513965857500084, 'lambda': 0.10337212173868622, 'alpha': 5.533642475720739e-08}. Best is trial 2 with value: 0.8299981046034022.
[I 2023-12-29 03:20:23,339] Trial 6 pruned. Trial was pruned at iteration 7.
[I 2023-12-29 03:21:33,000] Trial 7 pruned. Trial was pruned at iteration 1.
[I 2023-12-29 03:23:52,767] Trial 8 pruned. Trial was pruned at iteration 3.
[I 2023-12-29 03:25:37,520] Trial 9 pruned. Trial was pruned at iteration 2.
[I 2023-12-29 05:13:31,023] Trial 10 finished with value: 0.8327187864955257 and parameters: {'learning_rate': 0.0007828453484423032, 'max_depth': 1, 'min_child_weight': 6, 'gamma': 1.1244424493706865e-08, 'lambda': 1.9230138225672045e-05, 'alpha': 0.001120296156744414}. Best is trial 10 with value: 0.8327187864955257.
[I 2023-12-29 05:14:40,711] Trial 11 pruned. Trial was pruned at iteration 1.
[I 2023-12-29 05:15:50,518] Trial 12 pruned. Trial was pruned at iteration 1.
[I 2023-12-29 05:17:00,427] Trial 13 pruned. Trial was pruned at iteration 1.
[I 2023-12-29 06:00:43,507] Trial 14 finished with value: 0.8319330518972119 and parameters: {'learning_rate': 0.006732302186010167, 'max_depth': 2, 'min_child_weight': 5, 'gamma': 2.0930755790259577e-08, 'lambda': 0.003961953059982982, 'alpha': 8.446002143325204e-05}. Best is trial 10 with value: 0.8327187864955257.
[I 2023-12-29 06:43:14,139] Trial 15 finished with value: 0.8331575933588421 and parameters: {'learning_rate': 0.00421953199910257, 'max_depth': 2, 'min_child_weight': 4, 'gamma': 5.912473870768607e-06, 'lambda': 0.0003059752276540957, 'alpha': 0.00011571360330265864}. Best is trial 15 with value: 0.8331575933588421.
[I 2023-12-29 06:44:16,444] Trial 16 pruned. Trial was pruned at iteration 1.
[I 2023-12-29 06:45:18,912] Trial 17 pruned. Trial was pruned at iteration 1.
[I 2023-12-29 06:46:21,119] Trial 18 pruned. Trial was pruned at iteration 1.
[I 2023-12-29 06:47:23,618] Trial 19 pruned. Trial was pruned at iteration 1.
Completed hyperparameter tuning with best ndcg@50 = 0.8331575933588421.
Re-running the best trial... params = {'verbosity': 0, 'eval_metric': 'ndcg@50', 'learning_rate': 0.00421953199910257, 'max_depth': 2, 'min_child_weight': 4, 'gamma': 5.912473870768607e-06, 'lambda': 0.0003059752276540957, 'alpha': 0.00011571360330265864}
