[I 2023-12-28 22:26:12,474] A new study created in memory with name: no-name-40c58ef4-c586-4040-a886-46a5a1fc9b83
[I 2023-12-29 00:22:53,191] Trial 0 finished with value: 0.7996896334936299 and parameters: {'learning_rate': 6.889129498585442e-05, 'max_depth': 7, 'min_child_weight': 10, 'gamma': 0.00037198931116143763, 'lambda': 1.954548937787317e-05, 'alpha': 1.8201791870860553e-08}. Best is trial 0 with value: 0.7996896334936299.
[I 2023-12-29 01:20:04,739] Trial 1 finished with value: 0.7710008734513648 and parameters: {'learning_rate': 9.708657893170842e-06, 'max_depth': 4, 'min_child_weight': 6, 'gamma': 0.0012815519082020033, 'lambda': 0.09324070972762459, 'alpha': 1.712770491830702e-05}. Best is trial 0 with value: 0.7996896334936299.
[I 2023-12-29 03:16:38,865] Trial 2 finished with value: 0.8290533373658718 and parameters: {'learning_rate': 0.000248129514596681, 'max_depth': 5, 'min_child_weight': 9, 'gamma': 0.46342960103416003, 'lambda': 1.1034135206757285e-07, 'alpha': 1.3551321891077721e-05}. Best is trial 2 with value: 0.8290533373658718.
[I 2023-12-29 03:39:19,784] Trial 3 finished with value: 0.7425437019361381 and parameters: {'learning_rate': 2.1500336605845077e-06, 'max_depth': 9, 'min_child_weight': 10, 'gamma': 3.348197771743875e-07, 'lambda': 9.659045822898458e-08, 'alpha': 0.0006776918002895398}. Best is trial 2 with value: 0.8290533373658718.
[I 2023-12-29 05:35:31,142] Trial 4 finished with value: 0.8380205610833447 and parameters: {'learning_rate': 0.0006955689617148147, 'max_depth': 8, 'min_child_weight': 6, 'gamma': 0.12717358069258053, 'lambda': 9.077990846206467e-07, 'alpha': 0.03954152438198476}. Best is trial 4 with value: 0.8380205610833447.
[I 2023-12-29 05:36:40,859] Trial 5 pruned. Trial was pruned at iteration 1.
[I 2023-12-29 05:40:45,167] Trial 6 pruned. Trial was pruned at iteration 6.
[I 2023-12-29 05:41:54,968] Trial 7 pruned. Trial was pruned at iteration 1.
[I 2023-12-29 05:43:01,400] Trial 8 pruned. Trial was pruned at iteration 1.
[I 2023-12-29 05:46:41,203] Trial 9 pruned. Trial was pruned at iteration 6.
[I 2023-12-29 06:14:42,210] Trial 10 finished with value: 0.8279212084215957 and parameters: {'learning_rate': 0.007630498944538863, 'max_depth': 1, 'min_child_weight': 3, 'gamma': 6.190754289055438e-06, 'lambda': 1.0841826663720422e-08, 'alpha': 0.6406303333670541}. Best is trial 4 with value: 0.8380205610833447.
[I 2023-12-29 06:15:44,348] Trial 11 pruned. Trial was pruned at iteration 1.
[I 2023-12-29 07:55:02,196] Trial 12 finished with value: 0.8376210551728444 and parameters: {'learning_rate': 0.00027993222753046397, 'max_depth': 6, 'min_child_weight': 3, 'gamma': 0.07153341856103919, 'lambda': 1.732869987800821e-07, 'alpha': 0.016839081651145782}. Best is trial 4 with value: 0.8380205610833447.
[I 2023-12-29 07:55:57,708] Trial 13 pruned. Trial was pruned at iteration 1.
[I 2023-12-29 08:02:01,157] Trial 14 pruned. Trial was pruned at iteration 12.
[I 2023-12-29 09:34:33,335] Trial 15 finished with value: 0.8399592715799893 and parameters: {'learning_rate': 0.0008252476822006179, 'max_depth': 7, 'min_child_weight': 4, 'gamma': 0.0036448472088028666, 'lambda': 2.2453834218491848e-07, 'alpha': 0.7016806417144121}. Best is trial 15 with value: 0.8399592715799893.
[I 2023-12-29 10:16:58,575] Trial 16 pruned. Trial was pruned at iteration 97.
[I 2023-12-29 10:17:24,024] Trial 17 pruned. Trial was pruned at iteration 0.
[I 2023-12-29 11:07:37,142] Trial 18 finished with value: 0.8369267422523367 and parameters: {'learning_rate': 0.0010861010290664692, 'max_depth': 7, 'min_child_weight': 4, 'gamma': 1.498799766554241e-08, 'lambda': 7.100289517367632e-07, 'alpha': 0.07952397919252889}. Best is trial 15 with value: 0.8399592715799893.
[I 2023-12-29 11:08:28,119] Trial 19 pruned. Trial was pruned at iteration 1.
Completed hyperparameter tuning with best ndcg@50 = 0.8399592715799893.
Re-running the best trial... params = {'verbosity': 0, 'eval_metric': 'ndcg@50', 'learning_rate': 0.0008252476822006179, 'max_depth': 7, 'min_child_weight': 4, 'gamma': 0.0036448472088028666, 'lambda': 2.2453834218491848e-07, 'alpha': 0.7016806417144121}
