[32m[I 2022-09-17 16:02:57,844][0m A new study created in memory with name: no-name-8c5043c5-19ce-40ca-bada-ba177476430f[0m
[32m[I 2022-09-17 17:04:02,785][0m Trial 0 finished with value: 0.8364207488980758 and parameters: {'eta': 0.10727842461777473, 'min_child_weight': 1, 'max_depth': 8, 'gamma': 8.256843548168503, 'alpha': 7.397126231667755}. Best is trial 0 with value: 0.8364207488980758.[0m
[32m[I 2022-09-17 18:04:35,971][0m Trial 1 finished with value: 0.8318308850107724 and parameters: {'eta': 0.101187258132474, 'min_child_weight': 7, 'max_depth': 8, 'gamma': 4.558682571330916, 'alpha': 1.2397405141689433}. Best is trial 0 with value: 0.8364207488980758.[0m
[32m[I 2022-09-17 19:04:59,007][0m Trial 2 finished with value: 0.8334976905293995 and parameters: {'eta': 0.11492750282039207, 'min_child_weight': 3, 'max_depth': 9, 'gamma': 5.825226720119877, 'alpha': 7.3489549035755966}. Best is trial 0 with value: 0.8364207488980758.[0m
[32m[I 2022-09-17 20:04:46,866][0m Trial 3 finished with value: 0.8382255134937493 and parameters: {'eta': 0.0945897476893952, 'min_child_weight': 8, 'max_depth': 7, 'gamma': 7.845243874976591, 'alpha': 9.74819241914407}. Best is trial 3 with value: 0.8382255134937493.[0m
[32m[I 2022-09-17 21:04:57,512][0m Trial 4 finished with value: 0.830163038581331 and parameters: {'eta': 0.24439875505573772, 'min_child_weight': 8, 'max_depth': 10, 'gamma': 5.265999420291162, 'alpha': 8.5105520653752}. Best is trial 3 with value: 0.8382255134937493.[0m
[32m[I 2022-09-17 22:06:18,082][0m Trial 5 finished with value: 0.8308706581802908 and parameters: {'eta': 0.45596208622144196, 'min_child_weight': 7, 'max_depth': 9, 'gamma': 8.972908197297322, 'alpha': 5.186614779759778}. Best is trial 3 with value: 0.8382255134937493.[0m
[32m[I 2022-09-17 23:06:58,661][0m Trial 6 finished with value: 0.830097897246895 and parameters: {'eta': 0.27624309916774775, 'min_child_weight': 3, 'max_depth': 8, 'gamma': 1.8974696344809994, 'alpha': 5.18367328182951}. Best is trial 3 with value: 0.8382255134937493.[0m
[32m[I 2022-09-18 00:07:00,889][0m Trial 7 finished with value: 0.8400416185922248 and parameters: {'eta': 0.4823972481841413, 'min_child_weight': 2, 'max_depth': 4, 'gamma': 4.3924028971464155, 'alpha': 6.582345748249363}. Best is trial 7 with value: 0.8400416185922248.[0m
[32m[I 2022-09-18 00:54:59,999][0m Trial 8 finished with value: 0.8367185711175322 and parameters: {'eta': 0.15589311387271249, 'min_child_weight': 8, 'max_depth': 6, 'gamma': 9.602392776517727, 'alpha': 9.139464165113187}. Best is trial 7 with value: 0.8400416185922248.[0m
[32m[I 2022-09-18 01:55:23,550][0m Trial 9 finished with value: 0.8301973084366168 and parameters: {'eta': 0.3943329982102259, 'min_child_weight': 1, 'max_depth': 9, 'gamma': 3.131528520892881, 'alpha': 8.852470376316665}. Best is trial 7 with value: 0.8400416185922248.[0m
[32m[I 2022-09-18 02:56:02,230][0m Trial 10 finished with value: 0.8399165224460844 and parameters: {'eta': 0.4895036947946222, 'min_child_weight': 4, 'max_depth': 4, 'gamma': 0.45310206822770427, 'alpha': 2.051621698768837}. Best is trial 7 with value: 0.8400416185922248.[0m
[32m[I 2022-09-18 03:35:55,147][0m Trial 11 finished with value: 0.8391735002188784 and parameters: {'eta': 0.49268669766144274, 'min_child_weight': 4, 'max_depth': 4, 'gamma': 0.11597970380736877, 'alpha': 1.7460304004839626}. Best is trial 7 with value: 0.8400416185922248.[0m
[32m[I 2022-09-18 04:36:31,042][0m Trial 12 finished with value: 0.837964525177214 and parameters: {'eta': 0.3770649602099314, 'min_child_weight': 5, 'max_depth': 4, 'gamma': 0.917316078397985, 'alpha': 3.241365428630405}. Best is trial 7 with value: 0.8400416185922248.[0m
[32m[I 2022-09-18 05:36:45,732][0m Trial 13 finished with value: 0.8363678437358673 and parameters: {'eta': 0.40783242504460915, 'min_child_weight': 10, 'max_depth': 5, 'gamma': 3.0606328272116103, 'alpha': 3.01455725276396}. Best is trial 7 with value: 0.8400416185922248.[0m
[32m[I 2022-09-18 06:37:17,729][0m Trial 14 finished with value: 0.8378548826752169 and parameters: {'eta': 0.3194170041913314, 'min_child_weight': 2, 'max_depth': 5, 'gamma': 6.739012949718607, 'alpha': 3.8388854466538556}. Best is trial 7 with value: 0.8400416185922248.[0m
[32m[I 2022-09-18 07:37:38,518][0m Trial 15 finished with value: 0.8400004049475003 and parameters: {'eta': 0.4909087513061825, 'min_child_weight': 5, 'max_depth': 5, 'gamma': 3.6940693214213094, 'alpha': 6.072005620415661}. Best is trial 7 with value: 0.8400416185922248.[0m
[32m[I 2022-09-18 08:38:03,103][0m Trial 16 finished with value: 0.8386877862274709 and parameters: {'eta': 0.43556563721625224, 'min_child_weight': 6, 'max_depth': 6, 'gamma': 3.7875054170178504, 'alpha': 6.378668507950959}. Best is trial 7 with value: 0.8400416185922248.[0m
[32m[I 2022-09-18 09:38:16,999][0m Trial 17 finished with value: 0.8385108723496902 and parameters: {'eta': 0.3504474827799089, 'min_child_weight': 5, 'max_depth': 5, 'gamma': 1.9234734798285764, 'alpha': 6.3137286241422395}. Best is trial 7 with value: 0.8400416185922248.[0m
[32m[I 2022-09-18 10:38:55,397][0m Trial 18 finished with value: 0.8395501721162775 and parameters: {'eta': 0.23789752437896866, 'min_child_weight': 3, 'max_depth': 6, 'gamma': 5.955156781471332, 'alpha': 6.343479418741395}. Best is trial 7 with value: 0.8400416185922248.[0m
[32m[I 2022-09-18 11:39:04,763][0m Trial 19 finished with value: 0.839435226880298 and parameters: {'eta': 0.4476054102009409, 'min_child_weight': 10, 'max_depth': 5, 'gamma': 4.264833491757663, 'alpha': 0.1366773679697193}. Best is trial 7 with value: 0.8400416185922248.[0m
[32m[I 2022-09-18 12:38:50,280][0m Trial 20 finished with value: 0.8423017659689349 and parameters: {'eta': 0.32062072855572404, 'min_child_weight': 2, 'max_depth': 4, 'gamma': 7.105229181373642, 'alpha': 4.392330867907922}. Best is trial 20 with value: 0.8423017659689349.[0m
[32m[I 2022-09-18 13:39:42,615][0m Trial 21 finished with value: 0.840089527091466 and parameters: {'eta': 0.1789903270626923, 'min_child_weight': 2, 'max_depth': 4, 'gamma': 6.4091376138361875, 'alpha': 4.362790256839121}. Best is trial 20 with value: 0.8423017659689349.[0m
[32m[I 2022-09-18 14:39:42,540][0m Trial 22 finished with value: 0.8416264251245824 and parameters: {'eta': 0.18553907460838417, 'min_child_weight': 2, 'max_depth': 4, 'gamma': 7.024066693077709, 'alpha': 4.172607908868954}. Best is trial 20 with value: 0.8423017659689349.[0m
[32m[I 2022-09-18 15:39:44,805][0m Trial 23 finished with value: 0.838055497085676 and parameters: {'eta': 0.17444444764631867, 'min_child_weight': 2, 'max_depth': 4, 'gamma': 7.116816860887858, 'alpha': 4.7464715976525556}. Best is trial 20 with value: 0.8423017659689349.[0m
[32m[I 2022-09-18 16:08:18,869][0m Trial 24 finished with value: 0.8369065783212545 and parameters: {'eta': 0.1959330768301366, 'min_child_weight': 1, 'max_depth': 4, 'gamma': 6.5255000716768885, 'alpha': 4.204533084811761}. Best is trial 20 with value: 0.8423017659689349.[0m
[32m[I 2022-09-18 17:08:27,231][0m Trial 25 finished with value: 0.8358249785100627 and parameters: {'eta': 0.05959688681801112, 'min_child_weight': 2, 'max_depth': 6, 'gamma': 7.499297393736694, 'alpha': 3.0558896688132897}. Best is trial 20 with value: 0.8423017659689349.[0m
[32m[I 2022-09-18 18:09:17,601][0m Trial 26 finished with value: 0.8391454254476478 and parameters: {'eta': 0.2891925742811368, 'min_child_weight': 4, 'max_depth': 5, 'gamma': 8.598228228322494, 'alpha': 3.900317404364014}. Best is trial 20 with value: 0.8423017659689349.[0m
[32m[I 2022-09-18 19:09:41,451][0m Trial 27 finished with value: 0.840859383771136 and parameters: {'eta': 0.21922704658391282, 'min_child_weight': 3, 'max_depth': 7, 'gamma': 6.070498307596473, 'alpha': 5.635508559870447}. Best is trial 20 with value: 0.8423017659689349.[0m
[32m[I 2022-09-18 20:09:47,781][0m Trial 28 finished with value: 0.836214317057519 and parameters: {'eta': 0.22107462083599422, 'min_child_weight': 3, 'max_depth': 7, 'gamma': 5.293908436322391, 'alpha': 5.395951785543737}. Best is trial 20 with value: 0.8423017659689349.[0m
[32m[I 2022-09-18 21:10:26,512][0m Trial 29 finished with value: 0.8302265384336946 and parameters: {'eta': 0.3115902167204993, 'min_child_weight': 1, 'max_depth': 10, 'gamma': 8.271107657974689, 'alpha': 7.456106117694354}. Best is trial 20 with value: 0.8423017659689349.[0m
[32m[I 2022-09-18 22:10:41,134][0m Trial 30 finished with value: 0.8347374295039688 and parameters: {'eta': 0.14133867273131004, 'min_child_weight': 1, 'max_depth': 7, 'gamma': 7.378349064663696, 'alpha': 5.677064217558143}. Best is trial 20 with value: 0.8423017659689349.[0m
[32m[I 2022-09-18 23:10:22,871][0m Trial 31 finished with value: 0.8380045099869902 and parameters: {'eta': 0.2001628302015167, 'min_child_weight': 2, 'max_depth': 4, 'gamma': 6.091481152292457, 'alpha': 4.3272930466267026}. Best is trial 20 with value: 0.8423017659689349.[0m
[32m[I 2022-09-19 00:10:30,003][0m Trial 32 finished with value: 0.8394865833560615 and parameters: {'eta': 0.22441745344673267, 'min_child_weight': 3, 'max_depth': 5, 'gamma': 6.540527463401595, 'alpha': 4.636063846898191}. Best is trial 20 with value: 0.8423017659689349.[0m
[32m[I 2022-09-19 01:06:42,283][0m Trial 33 finished with value: 0.8376912079380588 and parameters: {'eta': 0.2629086943013173, 'min_child_weight': 2, 'max_depth': 4, 'gamma': 5.47348942797937, 'alpha': 7.143887421190547}. Best is trial 20 with value: 0.8423017659689349.[0m
[32m[I 2022-09-19 02:07:01,592][0m Trial 34 finished with value: 0.8326435073307672 and parameters: {'eta': 0.12367557211515409, 'min_child_weight': 4, 'max_depth': 8, 'gamma': 7.61201573414297, 'alpha': 2.4634880543990887}. Best is trial 20 with value: 0.8423017659689349.[0m
[32m[I 2022-09-19 03:07:49,209][0m Trial 35 finished with value: 0.8392139394791963 and parameters: {'eta': 0.18467322818354123, 'min_child_weight': 3, 'max_depth': 6, 'gamma': 4.8150126953216255, 'alpha': 3.6789754942889683}. Best is trial 20 with value: 0.8423017659689349.[0m
[32m[I 2022-09-19 04:08:36,209][0m Trial 36 finished with value: 0.835330602183236 and parameters: {'eta': 0.09040661511308541, 'min_child_weight': 1, 'max_depth': 7, 'gamma': 8.16475179154915, 'alpha': 5.628971686722122}. Best is trial 20 with value: 0.8423017659689349.[0m
[32m[I 2022-09-19 05:09:01,756][0m Trial 37 finished with value: 0.8401372822116786 and parameters: {'eta': 0.1595830106262264, 'min_child_weight': 3, 'max_depth': 4, 'gamma': 6.8784352020500545, 'alpha': 4.730635357919602}. Best is trial 20 with value: 0.8423017659689349.[0m
[32m[I 2022-09-19 06:08:51,133][0m Trial 38 finished with value: 0.8357441563944981 and parameters: {'eta': 0.15510940850915322, 'min_child_weight': 6, 'max_depth': 5, 'gamma': 9.069371268950583, 'alpha': 4.9343990946950695}. Best is trial 20 with value: 0.8423017659689349.[0m
[32m[I 2022-09-19 07:08:48,099][0m Trial 39 finished with value: 0.8324766507997906 and parameters: {'eta': 0.2652492438760772, 'min_child_weight': 3, 'max_depth': 9, 'gamma': 7.0082905772739466, 'alpha': 7.386266450202511}. Best is trial 20 with value: 0.8423017659689349.[0m
[32m[I 2022-09-19 08:08:50,577][0m Trial 40 finished with value: 0.8288811209919079 and parameters: {'eta': 0.3391803052522047, 'min_child_weight': 4, 'max_depth': 10, 'gamma': 9.866638478152824, 'alpha': 3.466233631732792}. Best is trial 20 with value: 0.8423017659689349.[0m
[32m[I 2022-09-19 09:08:26,938][0m Trial 41 finished with value: 0.8402476860324175 and parameters: {'eta': 0.16825147579204863, 'min_child_weight': 2, 'max_depth': 4, 'gamma': 6.075825601700663, 'alpha': 4.395837953889677}. Best is trial 20 with value: 0.8423017659689349.[0m
[32m[I 2022-09-19 10:07:39,003][0m Trial 42 finished with value: 0.8400104799444564 and parameters: {'eta': 0.21759172287501138, 'min_child_weight': 2, 'max_depth': 4, 'gamma': 5.524511540769025, 'alpha': 4.9852928966536005}. Best is trial 20 with value: 0.8423017659689349.[0m
[32m[I 2022-09-19 11:08:08,667][0m Trial 43 finished with value: 0.8421782343780115 and parameters: {'eta': 0.12217080866074682, 'min_child_weight': 3, 'max_depth': 4, 'gamma': 7.926739160535577, 'alpha': 2.5026565947745296}. Best is trial 20 with value: 0.8423017659689349.[0m
[32m[I 2022-09-19 11:52:50,755][0m Trial 44 finished with value: 0.8402637308274745 and parameters: {'eta': 0.10757937988082236, 'min_child_weight': 1, 'max_depth': 4, 'gamma': 7.825705000980881, 'alpha': 1.2626523793712703}. Best is trial 20 with value: 0.8423017659689349.[0m
[32m[I 2022-09-19 12:53:09,384][0m Trial 45 finished with value: 0.8279192058863281 and parameters: {'eta': 0.06534530283717899, 'min_child_weight': 1, 'max_depth': 9, 'gamma': 7.8757603678681205, 'alpha': 1.0101480185032372}. Best is trial 20 with value: 0.8423017659689349.[0m
[32m[I 2022-09-19 13:53:07,654][0m Trial 46 finished with value: 0.8382546821630836 and parameters: {'eta': 0.11686925784763254, 'min_child_weight': 1, 'max_depth': 5, 'gamma': 8.828462082048707, 'alpha': 1.103947621816638}. Best is trial 20 with value: 0.8423017659689349.[0m
[32m[I 2022-09-19 14:53:39,545][0m Trial 47 finished with value: 0.8336815783940819 and parameters: {'eta': 0.09651840577854544, 'min_child_weight': 9, 'max_depth': 8, 'gamma': 9.323009072544336, 'alpha': 1.7241410812224158}. Best is trial 20 with value: 0.8423017659689349.[0m
[32m[I 2022-09-19 15:43:46,438][0m Trial 48 finished with value: 0.8374259504250893 and parameters: {'eta': 0.13587335089919533, 'min_child_weight': 1, 'max_depth': 4, 'gamma': 8.070493044035222, 'alpha': 2.559148430108636}. Best is trial 20 with value: 0.8423017659689349.[0m
[32m[I 2022-09-19 16:43:19,759][0m Trial 49 finished with value: 0.8362365751385272 and parameters: {'eta': 0.07613061381275066, 'min_child_weight': 4, 'max_depth': 5, 'gamma': 8.543673483781017, 'alpha': 2.671261706900978}. Best is trial 20 with value: 0.8423017659689349.[0m
N=100, K=100:
{'eta': 0.32062072855572404, 'min_child_weight': 2, 'max_depth': 4, 'gamma': 7.105229181373642, 'alpha': 4.392330867907922}

JOB STATISTICS
==============
Job ID: 1533344
Cluster: snellius
User/Group: ehamer/ehamer
State: RUNNING
Nodes: 1
Cores per node: 36
CPU Utilized: 00:00:00
CPU Efficiency: 0.00% of 73-00:20:24 core-walltime
Job Wall-clock time: 2-00:40:34
Memory Utilized: 0.00 MB (estimated maximum)
Memory Efficiency: 0.00% of 64.00 GB (64.00 GB/node)
WARNING: Efficiency statistics may be misleading for RUNNING jobs.
