[I 2023-12-23 22:40:03,877] A new study created in memory with name: no-name-9d9b2e74-241f-4f07-8645-d0d51bd7148a
[I 2023-12-24 00:31:01,935] Trial 0 finished with value: 0.7147751850924092 and parameters: {'learning_rate': 0.09597926637576874, 'max_depth': 3, 'min_child_weight': 10, 'gamma': 9.161677623516724e-08, 'lambda': 6.783051071139135e-06, 'alpha': 1.648464046887951e-08}. Best is trial 0 with value: 0.7147751850924092.
[I 2023-12-24 02:24:02,492] Trial 1 finished with value: 0.682872040932469 and parameters: {'learning_rate': 0.0007592534391095946, 'max_depth': 4, 'min_child_weight': 9, 'gamma': 0.0003348852936911425, 'lambda': 0.7340245860147976, 'alpha': 0.0016685780809669638}. Best is trial 0 with value: 0.7147751850924092.
[I 2023-12-24 03:55:08,911] Trial 2 finished with value: 0.6698739737726717 and parameters: {'learning_rate': 0.001030668058758706, 'max_depth': 1, 'min_child_weight': 8, 'gamma': 2.245099071938806e-07, 'lambda': 0.21746115723872886, 'alpha': 2.562928049986219e-08}. Best is trial 0 with value: 0.7147751850924092.
[I 2023-12-24 04:11:48,198] Trial 3 finished with value: 0.5091875810909381 and parameters: {'learning_rate': 0.0002330988496731644, 'max_depth': 4, 'min_child_weight': 6, 'gamma': 3.0126960674413615e-05, 'lambda': 0.14657609907746766, 'alpha': 3.0409786227682556e-07}. Best is trial 0 with value: 0.7147751850924092.
[I 2023-12-24 05:53:35,118] Trial 4 finished with value: 0.6997377872944671 and parameters: {'learning_rate': 0.02120062109724218, 'max_depth': 3, 'min_child_weight': 7, 'gamma': 0.004643656522173613, 'lambda': 0.00018980167856599226, 'alpha': 2.0655033851048102e-05}. Best is trial 0 with value: 0.7147751850924092.
[I 2023-12-24 07:32:26,412] Trial 5 finished with value: 0.7154265466615277 and parameters: {'learning_rate': 0.021344206989689127, 'max_depth': 6, 'min_child_weight': 7, 'gamma': 1.1539849540718867e-05, 'lambda': 2.4897900606213653e-07, 'alpha': 0.12058607107698152}. Best is trial 5 with value: 0.7154265466615277.
[I 2023-12-24 07:36:24,761] Trial 6 pruned. Trial was pruned at iteration 7.
[I 2023-12-24 07:40:22,416] Trial 7 pruned. Trial was pruned at iteration 7.
[I 2023-12-24 07:59:58,735] Trial 8 pruned. Trial was pruned at iteration 43.
[I 2023-12-24 08:04:00,283] Trial 9 pruned. Trial was pruned at iteration 8.
[I 2023-12-24 08:07:33,030] Trial 10 pruned. Trial was pruned at iteration 7.
[I 2023-12-24 08:09:19,612] Trial 11 pruned. Trial was pruned at iteration 3.
[I 2023-12-24 08:11:05,822] Trial 12 pruned. Trial was pruned at iteration 3.
[I 2023-12-24 08:12:52,588] Trial 13 pruned. Trial was pruned at iteration 3.
[I 2023-12-24 08:14:39,121] Trial 14 pruned. Trial was pruned at iteration 3.
[I 2023-12-24 08:16:25,883] Trial 15 pruned. Trial was pruned at iteration 3.
[I 2023-12-24 08:18:12,221] Trial 16 pruned. Trial was pruned at iteration 3.
[I 2023-12-24 09:34:31,797] Trial 17 pruned. Trial was pruned at iteration 172.
[I 2023-12-24 09:36:17,420] Trial 18 pruned. Trial was pruned at iteration 3.
[I 2023-12-24 09:38:03,469] Trial 19 pruned. Trial was pruned at iteration 3.
Completed hyperparameter tuning with best ndcg@5 = 0.7154265466615277.
Re-running the best trial... params = {'verbosity': 0, 'eval_metric': 'ndcg@5', 'learning_rate': 0.021344206989689127, 'max_depth': 6, 'min_child_weight': 7, 'gamma': 1.1539849540718867e-05, 'lambda': 2.4897900606213653e-07, 'alpha': 0.12058607107698152}
