[I 2023-12-22 14:43:04,297] A new study created in memory with name: no-name-5e576d71-0529-4785-b7b5-4e5381010955
[I 2023-12-22 15:37:00,537] Trial 0 finished with value: 0.7070309072288737 and parameters: {'learning_rate': 1.636297884424213e-06, 'max_depth': 2, 'min_child_weight': 5, 'gamma': 8.36649987493022e-06, 'lambda': 3.3665129875183474e-07, 'alpha': 0.8152862982050658}. Best is trial 0 with value: 0.7070309072288737.
[I 2023-12-22 16:02:05,043] Trial 1 finished with value: 0.6916620914067019 and parameters: {'learning_rate': 4.5803081862428836e-08, 'max_depth': 4, 'min_child_weight': 6, 'gamma': 0.08196852216972346, 'lambda': 1.0932711946901863e-05, 'alpha': 1.1162143300191699e-05}. Best is trial 0 with value: 0.7070309072288737.
[I 2023-12-22 16:45:06,484] Trial 2 finished with value: 0.6974285825714353 and parameters: {'learning_rate': 7.708157022493297e-07, 'max_depth': 7, 'min_child_weight': 8, 'gamma': 6.576447557753143e-05, 'lambda': 4.842663847086178e-05, 'alpha': 0.045382926875457766}. Best is trial 0 with value: 0.7070309072288737.
[I 2023-12-22 18:44:38,478] Trial 3 finished with value: 0.8018936400077021 and parameters: {'learning_rate': 0.00041515694505284275, 'max_depth': 4, 'min_child_weight': 5, 'gamma': 1.8584579847894471e-06, 'lambda': 6.567650437306257e-08, 'alpha': 5.144687915739735e-05}. Best is trial 3 with value: 0.8018936400077021.
[I 2023-12-22 18:57:10,543] Trial 4 finished with value: 0.6713959234188625 and parameters: {'learning_rate': 0.0015484213778615642, 'max_depth': 6, 'min_child_weight': 10, 'gamma': 2.4066002386884734e-07, 'lambda': 0.0003422258759618019, 'alpha': 3.664102229367035e-08}. Best is trial 3 with value: 0.8018936400077021.
[I 2023-12-22 19:01:57,151] Trial 5 pruned. Trial was pruned at iteration 7.
[I 2023-12-22 19:06:43,432] Trial 6 pruned. Trial was pruned at iteration 7.
[I 2023-12-22 19:32:30,630] Trial 7 finished with value: 0.7140818029356504 and parameters: {'learning_rate': 6.27960483620793e-05, 'max_depth': 7, 'min_child_weight': 5, 'gamma': 0.0001903004764830827, 'lambda': 0.0004367122628518074, 'alpha': 0.0010138050318293668}. Best is trial 3 with value: 0.8018936400077021.
[I 2023-12-22 19:34:47,527] Trial 8 pruned. Trial was pruned at iteration 3.
[I 2023-12-22 19:36:56,178] Trial 9 pruned. Trial was pruned at iteration 3.
[I 2023-12-22 19:39:04,820] Trial 10 pruned. Trial was pruned at iteration 3.
[I 2023-12-22 20:28:06,969] Trial 11 pruned. Trial was pruned at iteration 90.
[I 2023-12-22 20:33:27,312] Trial 12 pruned. Trial was pruned at iteration 9.
[I 2023-12-22 20:37:42,700] Trial 13 pruned. Trial was pruned at iteration 7.
[I 2023-12-22 20:39:50,751] Trial 14 pruned. Trial was pruned at iteration 3.
[I 2023-12-22 20:44:06,387] Trial 15 pruned. Trial was pruned at iteration 7.
[I 2023-12-22 20:46:14,227] Trial 16 pruned. Trial was pruned at iteration 3.
[I 2023-12-22 20:48:22,022] Trial 17 pruned. Trial was pruned at iteration 3.
[I 2023-12-22 22:35:22,836] Trial 18 finished with value: 0.8049345692800084 and parameters: {'learning_rate': 0.00037155942360816914, 'max_depth': 7, 'min_child_weight': 2, 'gamma': 1.3610163129132512e-05, 'lambda': 2.800613083674074e-06, 'alpha': 1.2095014042331563e-08}. Best is trial 18 with value: 0.8049345692800084.
[I 2023-12-23 00:18:56,188] Trial 19 finished with value: 0.8051277908155048 and parameters: {'learning_rate': 0.0005028593600472838, 'max_depth': 9, 'min_child_weight': 2, 'gamma': 7.1382993782008205e-06, 'lambda': 6.625668426525348e-08, 'alpha': 2.906933459222502e-08}. Best is trial 19 with value: 0.8051277908155048.
Completed hyperparameter tuning with best ndcg@25 = 0.8051277908155048.
Re-running the best trial... params = {'verbosity': 0, 'eval_metric': 'ndcg@25', 'learning_rate': 0.0005028593600472838, 'max_depth': 9, 'min_child_weight': 2, 'gamma': 7.1382993782008205e-06, 'lambda': 6.625668426525348e-08, 'alpha': 2.906933459222502e-08}
