[I 2023-11-24 08:09:15,698] A new study created in memory with name: no-name-9a7ce99d-8279-454e-8584-9a65be99c44e
[I 2023-11-24 08:29:51,598] Trial 0 finished with value: 0.5965110855158415 and parameters: {'learning_rate': 1.0510325244902436e-06, 'max_depth': 5, 'min_child_weight': 5, 'gamma': 1.8118914088027332e-05, 'lambda': 2.3023484010478e-06, 'alpha': 0.8529264963080171}. Best is trial 0 with value: 0.5965110855158415.
[I 2023-11-24 09:08:33,566] Trial 1 finished with value: 0.5977348576961373 and parameters: {'learning_rate': 3.571246327033117e-08, 'max_depth': 2, 'min_child_weight': 4, 'gamma': 0.008110482946490506, 'lambda': 0.0006016954554951566, 'alpha': 4.0241362659642654e-07}. Best is trial 1 with value: 0.5977348576961373.
[I 2023-11-24 09:23:04,609] Trial 2 finished with value: 0.5864282887366268 and parameters: {'learning_rate': 0.22954489229290395, 'max_depth': 6, 'min_child_weight': 7, 'gamma': 0.00013805419383669494, 'lambda': 0.0024882532508519522, 'alpha': 0.0002967577835422295}. Best is trial 1 with value: 0.5977348576961373.
[I 2023-11-24 09:56:12,746] Trial 3 finished with value: 0.6016609306527871 and parameters: {'learning_rate': 2.5949456594562352e-05, 'max_depth': 5, 'min_child_weight': 4, 'gamma': 1.1386321746243605e-08, 'lambda': 0.0009174758255834088, 'alpha': 0.00034679829341065953}. Best is trial 3 with value: 0.6016609306527871.
[I 2023-11-24 10:37:56,316] Trial 4 finished with value: 0.59899743095726 and parameters: {'learning_rate': 8.425027275932251e-08, 'max_depth': 7, 'min_child_weight': 2, 'gamma': 8.856450480403161e-08, 'lambda': 0.21955599012857113, 'alpha': 0.24791423578104593}. Best is trial 3 with value: 0.6016609306527871.
[I 2023-11-24 10:38:26,499] Trial 5 pruned. Trial was pruned at iteration 0.
[I 2023-11-24 10:38:56,701] Trial 6 pruned. Trial was pruned at iteration 0.
[I 2023-11-24 12:18:44,867] Trial 7 finished with value: 0.7491349406490042 and parameters: {'learning_rate': 0.0037224191432500935, 'max_depth': 6, 'min_child_weight': 3, 'gamma': 0.003798734028509869, 'lambda': 0.10882753687823057, 'alpha': 6.574777456675278e-05}. Best is trial 7 with value: 0.7491349406490042.
[I 2023-11-24 12:19:15,078] Trial 8 pruned. Trial was pruned at iteration 0.
[I 2023-11-24 12:19:45,333] Trial 9 pruned. Trial was pruned at iteration 0.
[I 2023-11-24 12:20:15,584] Trial 10 pruned. Trial was pruned at iteration 0.
[I 2023-11-24 12:20:45,935] Trial 11 pruned. Trial was pruned at iteration 0.
[I 2023-11-24 12:21:16,231] Trial 12 pruned. Trial was pruned at iteration 0.
[I 2023-11-24 12:21:46,505] Trial 13 pruned. Trial was pruned at iteration 0.
[I 2023-11-24 12:22:16,759] Trial 14 pruned. Trial was pruned at iteration 0.
[I 2023-11-24 12:23:17,349] Trial 15 pruned. Trial was pruned at iteration 1.
[I 2023-11-24 12:23:47,624] Trial 16 pruned. Trial was pruned at iteration 0.
[I 2023-11-24 12:24:17,883] Trial 17 pruned. Trial was pruned at iteration 0.
[I 2023-11-24 12:24:48,246] Trial 18 pruned. Trial was pruned at iteration 0.
[I 2023-11-24 12:25:18,522] Trial 19 pruned. Trial was pruned at iteration 0.
[I 2023-11-24 12:25:48,776] Trial 20 pruned. Trial was pruned at iteration 0.
[I 2023-11-24 12:26:19,081] Trial 21 pruned. Trial was pruned at iteration 0.
[I 2023-11-24 12:26:49,317] Trial 22 pruned. Trial was pruned at iteration 0.
[I 2023-11-24 12:27:19,556] Trial 23 pruned. Trial was pruned at iteration 0.
[I 2023-11-24 12:42:56,457] Trial 24 finished with value: 0.5977919855044135 and parameters: {'learning_rate': 3.6323806803558184e-07, 'max_depth': 6, 'min_child_weight': 3, 'gamma': 2.278570625378761e-08, 'lambda': 0.09523780291817688, 'alpha': 0.00024291901652690603}. Best is trial 7 with value: 0.7491349406490042.
[I 2023-11-24 12:43:26,795] Trial 25 pruned. Trial was pruned at iteration 0.
[I 2023-11-24 12:43:57,113] Trial 26 pruned. Trial was pruned at iteration 0.
[I 2023-11-24 12:44:27,413] Trial 27 pruned. Trial was pruned at iteration 0.
[I 2023-11-24 12:44:57,748] Trial 28 pruned. Trial was pruned at iteration 0.
[I 2023-11-24 12:45:28,081] Trial 29 pruned. Trial was pruned at iteration 0.
[I 2023-11-24 12:45:58,431] Trial 30 pruned. Trial was pruned at iteration 0.
[I 2023-11-24 12:48:59,845] Trial 31 pruned. Trial was pruned at iteration 5.
[I 2023-11-24 12:49:30,058] Trial 32 pruned. Trial was pruned at iteration 0.
[I 2023-11-24 12:50:00,249] Trial 33 pruned. Trial was pruned at iteration 0.
[I 2023-11-24 12:50:30,460] Trial 34 pruned. Trial was pruned at iteration 0.
[I 2023-11-24 12:51:00,758] Trial 35 pruned. Trial was pruned at iteration 0.
[I 2023-11-24 12:51:31,101] Trial 36 pruned. Trial was pruned at iteration 0.
[I 2023-11-24 12:52:01,382] Trial 37 pruned. Trial was pruned at iteration 0.
[I 2023-11-24 12:52:31,668] Trial 38 pruned. Trial was pruned at iteration 0.
[I 2023-11-24 12:53:01,824] Trial 39 pruned. Trial was pruned at iteration 0.
[I 2023-11-24 12:53:32,119] Trial 40 pruned. Trial was pruned at iteration 0.
[I 2023-11-24 12:54:02,277] Trial 41 pruned. Trial was pruned at iteration 0.
[I 2023-11-24 12:54:32,501] Trial 42 pruned. Trial was pruned at iteration 0.
[I 2023-11-24 12:55:02,688] Trial 43 pruned. Trial was pruned at iteration 0.
[I 2023-11-24 12:55:32,978] Trial 44 pruned. Trial was pruned at iteration 0.
[I 2023-11-24 12:56:03,294] Trial 45 pruned. Trial was pruned at iteration 0.
[I 2023-11-24 12:56:33,530] Trial 46 pruned. Trial was pruned at iteration 0.
[I 2023-11-24 12:57:03,723] Trial 47 pruned. Trial was pruned at iteration 0.
[I 2023-11-24 12:57:33,925] Trial 48 pruned. Trial was pruned at iteration 0.
[I 2023-11-24 12:58:04,246] Trial 49 pruned. Trial was pruned at iteration 0.
Completed hyperparameter tuning with best ndcg@10 = 0.7491349406490042.
Re-running the best trial... params = {'verbosity': 0, 'eval_metric': 'ndcg@10', 'device': 'cuda', 'learning_rate': 0.0037224191432500935, 'max_depth': 6, 'min_child_weight': 3, 'gamma': 0.003798734028509869, 'lambda': 0.10882753687823057, 'alpha': 6.574777456675278e-05}
